<?xml version="1.0" encoding="UTF-8"?>
<!-- Generated by org.testng.reporters.JUnitReportReporter -->
<testsuite skipped="0" hostname="PCVDIW7GP000809" name="FlightBookingTest" tests="1" failures="0" timestamp="19 Jun 2019 07:09:23 GMT" time="15.681" errors="0">
  <testcase name="testThatResultsAppearForAOneWayJourney" time="15.681" classname="FlightBookingTest"/>
</testsuite> <!-- FlightBookingTest -->
